<?xml version="1.0" encoding="UTF-8"?>
<testsuite xmlns:xsi="http://www.w3.org/2001/XMLSchema-instance" xsi:noNamespaceSchemaLocation="https://maven.apache.org/surefire/maven-surefire-plugin/xsd/surefire-test-report.xsd" version="3.0.2" name="cl.duoc.dsy1107.ae1.productos.ProductoControllerTest" time="10.307" tests="7" errors="0" skipped="0" failures="0" flakes="0">
  <properties>
[...]
</properties>
  <testcase name="obtener" classname="cl.duoc.dsy1107.ae1.productos.ProductoControllerTest" time="0.375">
    <system-out><![CDATA[2026-09-09T22:11:14.208-03:00  INFO 65162 --- [ae1-backend] [           main] t.c.s.AnnotationConfigContextLoaderUtils : Could not detect default configuration classes for test class [cl.duoc.dsy1107.ae1.productos.ProductoControllerTest]: ProductoControllerTest does not declare any static, non-private, non-final, nested classes annotated with @Configuration.
2026-09-09T22:11:14.220-03:00  INFO 65162 --- [ae1-backend] [           main] .b.t.c.SpringBootTestContextBootstrapper : Found @SpringBootConfiguration cl.duoc.dsy1107.ae1.Ae1Application for test class cl.duoc.dsy1107.ae1.productos.ProductoControllerTest
2026-09-09T22:11:14.221-03:00  INFO 65162 --- [ae1-backend] [           main] t.c.s.AnnotationConfigContextLoaderUtils : Could not detect default configuration classes for test class [cl.duoc.dsy1107.ae1.productos.ProductoControllerTest]: ProductoControllerTest does not declare any static, non-private, non-final, nested classes annotated with @Configuration.
2026-09-09T22:11:14.222-03:00  INFO 65162 --- [ae1-backend] [           main] .b.t.c.SpringBootTestContextBootstrapper : Found @SpringBootConfiguration cl.duoc.dsy1107.ae1.Ae1Application for test class cl.duoc.dsy1107.ae1.productos.ProductoControllerTest

  .   ____          _            __ _ _
 /\\ / ___'_ __ _ _(_)_ __  __ _ \ \ \ \
( ( )\___ | '_ | '_| | '_ \/ _` | \ \ \ \
 \\/  ___)| |_)| | | | | || (_| |  ) ) ) )
  '  |____| .__|_| |_|_| |_\__, | / / / /
 =========|_|==============|___/=/_/_/_/

 :: Spring Boot ::                (v4.1.1)

2026-09-09T22:11:14.239-03:00  INFO 65162 --- [ae1-backend] [           main] c.d.d.a.p.ProductoControllerTest         : Starting ProductoControllerTest using Java 22.0.2 with PID 65162 (started by jaimeluna in /Users/jaimeluna/Proyectos/DSY1107-EA1/backend)
2026-09-09T22:11:14.239-03:00 DEBUG 65162 --- [ae1-backend] [           main] c.d.d.a.p.ProductoControllerTest         : Running with Spring Boot v4.1.1, Spring v7.0.9
2026-09-09T22:11:14.239-03:00  INFO 65162 --- [ae1-backend] [           main] c.d.d.a.p.ProductoControllerTest         : No active profile set, falling back to 1 default profile: "default"
2026-09-09T22:11:14.353-03:00  INFO 65162 --- [ae1-backend] [           main] .s.d.r.c.RepositoryConfigurationDelegate : Bootstrapping Spring Data JPA repositories in DEFAULT mode.
2026-09-09T22:11:14.358-03:00  INFO 65162 --- [ae1-backend] [           main] .s.d.r.c.RepositoryConfigurationDelegate : Finished Spring Data repository scanning in 3 ms. Found 1 JPA repository interface.
2026-09-09T22:11:14.416-03:00  INFO 65162 --- [ae1-backend] [           main] com.zaxxer.hikari.HikariDataSource       : HikariPool-2 - Starting...
2026-09-09T22:11:15.649-03:00  INFO 65162 --- [ae1-backend] [           main] com.zaxxer.hikari.pool.HikariPool        : HikariPool-2 - Added connection org.postgresql.jdbc.PgConnection@24af46dd
2026-09-09T22:11:15.649-03:00  INFO 65162 --- [ae1-backend] [           main] com.zaxxer.hikari.HikariDataSource       : HikariPool-2 - Start completed.
2026-09-09T22:11:15.785-03:00  INFO 65162 --- [ae1-backend] [           main] org.flywaydb.core.FlywayExecutor         : Database: jdbc:postgresql://dsy1107-db-rivera.crgwtvlsw7oj.us-east-1.rds.amazonaws.com:5432/dsy1107?sslmode=require (PostgreSQL 17.9)
2026-09-09T22:11:17.693-03:00  INFO 65162 --- [ae1-backend] [           main] o.f.core.internal.command.DbValidate     : Successfully validated 2 migrations (execution time 00:00.549s)
2026-09-09T22:11:19.514-03:00  INFO 65162 --- [ae1-backend] [           main] o.f.core.internal.command.DbMigrate      : Current version of schema "public": 2
2026-09-09T22:11:19.514-03:00  WARN 65162 --- [ae1-backend] [           main] o.f.core.internal.command.DbMigrate      : Schema "public" has a version (2) that is newer than the latest available migration (1) !
2026-09-09T22:11:19.650-03:00  INFO 65162 --- [ae1-backend] [           main] o.f.core.internal.command.DbMigrate      : Schema "public" is up to date. No migration necessary.
2026-09-09T22:11:20.515-03:00  INFO 65162 --- [ae1-backend] [           main] org.hibernate.orm.jpa                    : HHH008540: Processing PersistenceUnitInfo [name: default]
2026-09-09T22:11:20.532-03:00  INFO 65162 --- [ae1-backend] [           main] o.s.o.j.p.SpringPersistenceUnitInfo      : No LoadTimeWeaver setup: ignoring JPA class transformer
2026-09-09T22:11:21.214-03:00  INFO 65162 --- [ae1-backend] [           main] org.hibernate.orm.connections.pooling    : HHH10001005: Database info:
	Database JDBC URL [jdbc:postgresql://dsy1107-db-rivera.crgwtvlsw7oj.us-east-1.rds.amazonaws.com:5432/dsy1107?sslmode=require]
	Database driver: PostgreSQL JDBC Driver
	Database dialect: PostgreSQLDialect
	Database version: 17.9
	Default catalog/schema: dsy1107/public
	Autocommit mode: undefined/unknown
	Isolation level: READ_COMMITTED [default READ_COMMITTED]
	JDBC fetch size: none
	Pool: DataSourceConnectionProvider
	Minimum pool size: undefined/unknown
	Maximum pool size: undefined/unknown
2026-09-09T22:11:21.249-03:00  INFO 65162 --- [ae1-backend] [           main] org.hibernate.orm.core                   : HHH000489: No JTA platform available (set 'hibernate.transaction.jta.platform' to enable JTA platform integration)
2026-09-09T22:11:21.665-03:00  INFO 65162 --- [ae1-backend] [           main] j.LocalContainerEntityManagerFactoryBean : Initialized JPA EntityManagerFactory for persistence unit 'default'
2026-09-09T22:11:21.789-03:00  INFO 65162 --- [ae1-backend] [           main] o.s.b.t.m.w.SpringBootMockServletContext : Initializing Spring TestDispatcherServlet ''
2026-09-09T22:11:21.789-03:00  INFO 65162 --- [ae1-backend] [           main] o.s.t.web.servlet.TestDispatcherServlet  : Initializing Servlet ''
2026-09-09T22:11:21.790-03:00  INFO 65162 --- [ae1-backend] [           main] o.s.b.a.e.web.EndpointLinksResolver      : Exposing 1 endpoint beneath base path '/actuator'
2026-09-09T22:11:21.793-03:00  INFO 65162 --- [ae1-backend] [           main] o.s.t.web.servlet.TestDispatcherServlet  : Completed initialization in 4 ms
2026-09-09T22:11:21.798-03:00  INFO 65162 --- [ae1-backend] [           main] c.d.d.a.p.ProductoControllerTest         : Started ProductoControllerTest in 7.574 seconds (process running for 18.684)
]]></system-out>
  </testcase>
  <testcase name="listar" classname="cl.duoc.dsy1107.ae1.productos.ProductoControllerTest" time="0.551"/>
  <testcase name="actualizar" classname="cl.duoc.dsy1107.ae1.productos.ProductoControllerTest" time="0.291"/>
  <testcase name="crear" classname="cl.duoc.dsy1107.ae1.productos.ProductoControllerTest" time="0.285"/>
  <testcase name="eliminar" classname="cl.duoc.dsy1107.ae1.productos.ProductoControllerTest" time="0.603"/>
  <testcase name="invalido" classname="cl.duoc.dsy1107.ae1.productos.ProductoControllerTest" time="0.023"/>
  <testcase name="noEncontrado" classname="cl.duoc.dsy1107.ae1.productos.ProductoControllerTest" time="0.573"/>
</testsuite>